build/app/outputs/mapping/release/seeds.txt
com.example.kopamain.MainActivity
com.example.kopamain.MainActivity: MainActivity()
...
com.google.android.gms.internal.firebase-auth-api.zzuh: zzuh()
com.google.firestore.v1.Target$Builder: Target$Builder(com.google.firestore.v1.Target$1)
com.google.android.gms.internal.measurement.zzjd: com.google.android.gms.internal.measurement.zzjd zzk(java.lang.String)
com.google.firebase.storage.StorageReference: boolean equals(java.lang.Object)
com.google.android.gms.internal.measurement.zzee: java.lang.String zzx()
io.flutter.plugin.editing.TextInputPlugin$1: void show()
com.google.firestore.v1.Value: void access$1400(com.google.firestore.v1.Value,java.lang.String)
com.google.android.gms.internal.measurement.zzag: zzag(java.lang.String,com.google.android.gms.internal.measurement.zzap)
com.google.firebase.firestore.core.Transaction: void ensureCommitNotCalled()
com.google.android.gms.internal.measurement.zzmd: void clear()
io.grpc.okhttp.OkHttpClientStream: int access$1100(io.grpc.okhttp.OkHttpClientStream)
com.google.firebase.messaging.FcmLifecycleCallbacks: void onActivityPaused(android.app.Activity)
com.google.android.gms.measurement.internal.zzai: boolean zzaA()
com.google.firebase.firestore.core.EventManager$ListenOptions: EventManager$ListenOptions()
com.google.android.gms.internal.firebase-auth-api.zzuu: void zzc(com.google.android.gms.common.api.Status,com.google.firebase.auth.AuthCredential,java.lang.String,java.lang.String)
com.google.firestore.v1.StructuredQuery$FieldFilter$Operator: StructuredQuery$FieldFilter$Operator(java.lang.String,int,int)
io.flutter.plugin.common.BasicMessageChannel$IncomingReplyHandler: BasicMessageChannel$IncomingReplyHandler(io.flutter.plugin.common.BasicMessageChannel,io.flutter.plugin.common.BasicMessageChannel$Reply)
com.google.protobuf.LazyStringArrayList: void add(int,java.lang.String)
io.grpc.okhttp.OkHttpClientStream: void setAuthority(java.lang.String)
com.google.protobuf.CodedInputStream: CodedInputStream()
com.google.firebase.storage.StorageException: com.google.firebase.storage.StorageException fromException(java.lang.Throwable)
io.flutter.plugin.platform.PlatformViewsController: void attachAccessibilityBridge(io.flutter.view.AccessibilityBridge)
com.google.firebase.auth.internal.zzj: void zzf(android.content.SharedPreferences)
com.google.firebase.firestore.model.DocumentKey: com.google.firebase.firestore.model.ResourcePath getPath()
io.flutter.plugins.firebase.firestore.streamhandler.TransactionStreamHandler: void receiveTransactionResponse(java.util.Map)
com.google.android.gms.internal.measurement.zzer: zzer()
com.google.firestore.v1.TargetChange: com.google.rpc.Status getCause()
com.google.android.gms.internal.firebase-auth-api.zzhn: com.google.android.gms.internal.firebase-auth-api.zzhn zza(com.google.android.gms.internal.firebase-auth-api.zzyu)
io.grpc.internal.ManagedChannelImpl$1ResetConnectBackoff: void run()
com.google.firebase.firestore.remote.RemoteSerializer: java.lang.String encodeResourceName(com.google.firebase.firestore.model.DatabaseId,com.google.firebase.firestore.model.ResourcePath)
com.google.firebase.FirebaseApp: int hashCode()
com.google.common.util.concurrent.SettableFuture: boolean set(java.lang.Object)
com.google.firebase.FirebaseOptions: java.lang.String getApplicationId()
com.google.android.gms.internal.auth-api-phone.zzk: zzk()
com.google.android.gms.internal.measurement.zzfk: void zzm(com.google.android.gms.internal.measurement.zzfk,com.google.android.gms.internal.measurement.zzgd)
com.google.protobuf.CodedOutputStream: void writeDouble(int,double)
com.google.android.gms.internal.measurement.zzog: boolean zze()
com.google.android.gms.internal.measurement.zzag: java.lang.Double zzd()
com.google.android.gms.measurement.internal.zzbb: zzbb()
com.google.firestore.v1.Document: com.google.firestore.v1.Document$Builder newBuilder()
io.grpc.internal.GrpcUtil$5: io.grpc.InternalLogId getLogId()
com.google.android.gms.internal.measurement.zzmk: boolean hasNext()