build/app/outputs/mapping/release/mapping.txt
# compiler: R8
# compiler_version: 2.2.66
# min_api: 16
# pg_map_id: 51258c8
# common_typos_disable
...
io.grpc.Codec$Identity -> c.b.l$b:
    io.grpc.Codec NONE -> a
    java.lang.String getMessageEncoding() -> a
    java.io.InputStream decompress(java.io.InputStream) -> b
    java.io.OutputStream compress(java.io.OutputStream) -> c
io.grpc.Compressor -> c.b.m:
    java.lang.String getMessageEncoding() -> a
    java.io.OutputStream compress(java.io.OutputStream) -> c
io.grpc.CompressorRegistry -> c.b.n:
    io.grpc.CompressorRegistry DEFAULT_INSTANCE -> a
    java.util.concurrent.ConcurrentMap compressors -> b
    io.grpc.CompressorRegistry getDefaultInstance() -> a
    io.grpc.Compressor lookupCompressor(java.lang.String) -> b
io.grpc.ConnectivityState -> c.b.o:
    io.grpc.ConnectivityState SHUTDOWN -> p
    io.grpc.ConnectivityState IDLE -> o
    io.grpc.ConnectivityState[] $VALUES -> q
    io.grpc.ConnectivityState CONNECTING -> l
    io.grpc.ConnectivityState TRANSIENT_FAILURE -> n
    io.grpc.ConnectivityState READY -> m
io.grpc.ConnectivityStateInfo -> c.b.p:
    io.grpc.ConnectivityState state -> a
    io.grpc.Status status -> b
    io.grpc.ConnectivityStateInfo forNonError(io.grpc.ConnectivityState) -> a
    io.grpc.ConnectivityStateInfo forTransientFailure(io.grpc.Status) -> b
    io.grpc.ConnectivityState getState() -> c
    io.grpc.Status getStatus() -> d
io.grpc.Context -> c.b.r:
    java.util.logging.Logger log -> l
    java.util.ArrayList listeners -> o
    io.grpc.PersistentHashArrayMappedTrie EMPTY_ENTRIES -> m
    io.grpc.Context ROOT -> n
    io.grpc.PersistentHashArrayMappedTrie keyValueEntries -> r
    io.grpc.Context$CancellableContext cancellableAncestor -> q
    io.grpc.Context$CancellationListener parentListener -> p
    int generation -> s
    void addListener(io.grpc.Context$CancellationListener,java.util.concurrent.Executor) -> a
    io.grpc.Context attach() -> b
    boolean canBeCancelled() -> c
    io.grpc.Context$CancellableContext cancellableAncestor(io.grpc.Context) -> d
    java.lang.Throwable cancellationCause() -> e
    java.lang.Object checkNotNull(java.lang.Object,java.lang.Object) -> f
    io.grpc.Context current() -> g
    void detach(io.grpc.Context) -> h
    io.grpc.Deadline getDeadline() -> j
    boolean isCancelled() -> l
    void notifyAndClearListeners() -> n
    void removeListener(io.grpc.Context$CancellationListener) -> t
    io.grpc.Context$Storage storage() -> u
    void validateGeneration(int) -> w
io.grpc.Context$1 -> c.b.q:
io.grpc.Context$CancellableContext -> c.b.r$a:
    io.grpc.Context uncancellableSurrogate -> u
    io.grpc.Deadline deadline -> t
    java.lang.Throwable cancellationCause -> w
    boolean cancelled -> v
    java.util.concurrent.ScheduledFuture pendingDeadline -> x
    io.grpc.Context attach() -> b
    boolean canBeCancelled() -> c
    java.lang.Throwable cancellationCause() -> e
    void detach(io.grpc.Context) -> h
    io.grpc.Deadline getDeadline() -> j
    boolean isCancelled() -> l
    boolean cancel(java.lang.Throwable) -> x
io.grpc.Context$CancellationListener -> c.b.r$b:
    void cancelled(io.grpc.Context) -> a
io.grpc.Context$DirectExecutor -> c.b.r$c:
    io.grpc.Context$DirectExecutor INSTANCE -> l
    io.grpc.Context$DirectExecutor[] $VALUES -> m
io.grpc.Context$ExecutableListener -> c.b.r$d:
    java.util.concurrent.Executor executor -> l
    io.grpc.Context this$0 -> n
    io.grpc.Context$CancellationListener listener -> m
    void deliver() -> a
io.grpc.Context$LazyStorage -> c.b.r$e:
    io.grpc.Context$Storage storage -> a
    io.grpc.Context$Storage createStorage(java.util.concurrent.atomic.AtomicReference) -> a
io.grpc.Context$ParentListener -> c.b.r$f:
    io.grpc.Context this$0 -> a
    void cancelled(io.grpc.Context) -> a
io.grpc.Context$Storage -> c.b.r$g:
    void attach(io.grpc.Context) -> a
    io.grpc.Context current() -> b
    void detach(io.grpc.Context,io.grpc.Context) -> c
    io.grpc.Context doAttach(io.grpc.Context) -> d
io.grpc.Contexts -> c.b.s:
    io.grpc.Status statusFromCancelled(io.grpc.Context) -> a