build/app/outputs/mapping/release/usage.txt
com.example.kopamain.BuildConfig
com.example.kopamain.R$attr
com.example.kopamain.R$color
com.example.kopamain.R$dimen
com.example.kopamain.R$drawable
com.example.kopamain.R$id
com.example.kopamain.R$integer
com.example.kopamain.R$layout
com.example.kopamain.R$mipmap
com.example.kopamain.R$string
com.example.kopamain.R$style
com.example.kopamain.R$styleable
com.example.kopamain.R$xml
com.example.kopamain.R
...
com.google.common.hash.Hashing$Sha384Holder
com.google.common.hash.Hashing$Sha512Holder
com.google.common.hash.Hashing
com.google.common.hash.HashingInputStream
com.google.common.hash.HashingOutputStream
com.google.common.hash.ImmutableSupplier
com.google.common.hash.LittleEndianByteArray$1
com.google.common.hash.LittleEndianByteArray$JavaLittleEndianBytes$1
com.google.common.hash.LittleEndianByteArray$JavaLittleEndianBytes
com.google.common.hash.LittleEndianByteArray$LittleEndianBytes
com.google.common.hash.LittleEndianByteArray$UnsafeByteArray$1
com.google.common.hash.LittleEndianByteArray$UnsafeByteArray$2
com.google.common.hash.LittleEndianByteArray$UnsafeByteArray$3
com.google.common.hash.LittleEndianByteArray$UnsafeByteArray
com.google.common.hash.LittleEndianByteArray
com.google.common.hash.LongAddable
com.google.common.hash.LongAddables$1
com.google.common.hash.LongAddables$2
com.google.common.hash.LongAddables$PureJavaLongAddable
com.google.common.hash.LongAddables
com.google.common.hash.LongAdder
com.google.common.hash.MacHashFunction$1
com.google.common.hash.MacHashFunction$MacHasher
com.google.common.hash.MacHashFunction
com.google.common.hash.MessageDigestHashFunction$1
com.google.common.hash.MessageDigestHashFunction$MessageDigestHasher
com.google.common.hash.MessageDigestHashFunction$SerializedForm
com.google.common.hash.MessageDigestHashFunction
com.google.common.hash.Murmur3_128HashFunction$Murmur3_128Hasher
com.google.common.hash.Murmur3_128HashFunction
com.google.common.hash.Murmur3_32HashFunction$Murmur3_32Hasher
com.google.common.hash.Murmur3_32HashFunction
com.google.common.hash.PrimitiveSink
com.google.common.hash.SipHashFunction$SipHasher
com.google.common.hash.SipHashFunction
com.google.common.hash.Striped64$1
com.google.common.hash.Striped64$Cell
com.google.common.hash.Striped64
com.google.common.hash.package-info
com.google.common.html.HtmlEscapers
com.google.common.html.package-info
com.google.common.io.AppendableWriter
com.google.common.io.BaseEncoding$1
com.google.common.io.BaseEncoding$2
com.google.common.io.BaseEncoding$3
com.google.common.io.BaseEncoding$4
com.google.common.io.BaseEncoding$5
com.google.common.io.BaseEncoding$Alphabet:
    boolean canDecode(char)
    private boolean hasLowerCase()
    private boolean hasUpperCase()
    com.google.common.io.BaseEncoding$Alphabet lowerCase()
    com.google.common.io.BaseEncoding$Alphabet upperCase()
com.google.common.io.BaseEncoding$DecodingException:
    void <init>(java.lang.Throwable)
com.google.common.io.BaseEncoding$SeparatedBaseEncoding
com.google.common.io.BaseEncoding$StandardBaseEncoding$1
com.google.common.io.BaseEncoding$StandardBaseEncoding$2
com.google.common.io.BaseEncoding$StandardBaseEncoding:
    private transient com.google.common.io.BaseEncoding lowerCase
    private transient com.google.common.io.BaseEncoding upperCase
    public boolean canDecode(java.lang.CharSequence)
    public java.io.InputStream decodingStream(java.io.Reader)
    public java.io.OutputStream encodingStream(java.io.Writer)
    public com.google.common.io.BaseEncoding lowerCase()
    public com.google.common.io.BaseEncoding upperCase()
    public com.google.common.io.BaseEncoding withPadChar(char)
    public com.google.common.io.BaseEncoding withSeparator(java.lang.String,int)